<?xml version="1.0" encoding="UTF-8"?>
<!-- Generated by org.testng.reporters.JUnitReportReporter -->
<testsuite hostname="MICHAEL-LAPTOP" failures="0" tests="1" name="com.ian.project.test.PlanItTestCases" time="7.531" errors="0" timestamp="2024-06-08T01:01:05 PST" skipped="0">
  <testcase classname="com.ian.project.test.PlanItTestCases" name="validatePricesOfPurchasedProducts" time="7.531"/>
  <system-out/>
</testsuite> <!-- com.ian.project.test.PlanItTestCases -->
