<?xml version="1.0" encoding="UTF-8"?>
<!-- Generated by org.testng.reporters.JUnitReportReporter -->
<testsuite hostname="MICHAEL-LAPTOP" failures="0" tests="3" name="com.ian.project.test.testcases.PlanItTestCases" time="42.514" errors="0" timestamp="2024-06-08T01:19:15 PST" skipped="0">
  <testcase classname="com.ian.project.test.testcases.PlanItTestCases" name="validatePricesOfPurchasedProducts" time="7.426"/>
  <system-out/>
  <testcase classname="com.ian.project.test.testcases.PlanItTestCases" name="validateSuccessfulFeedbackSubmission" time="21.744"/>
  <system-out/>
  <testcase classname="com.ian.project.test.testcases.PlanItTestCases" name="validateErrorMessageOnContact" time="13.344"/>
  <system-out/>
</testsuite> <!-- com.ian.project.test.testcases.PlanItTestCases -->
