<?xml version="1.0" encoding="UTF-8"?>
<!-- Generated by org.testng.reporters.JUnitReportReporter -->
<testsuite hostname="MICHAEL-LAPTOP" failures="0" tests="1" name="com.ian.project.test.LoginTestCase" time="17.093" errors="0" timestamp="2024-06-07T00:35:59 PST" skipped="0">
  <testcase classname="com.ian.project.test.LoginTestCase" name="testLogin" time="17.093"/>
  <system-out/>
</testsuite> <!-- com.ian.project.test.LoginTestCase -->
